<?xml version="1.0" encoding="UTF-8"?>
<!-- Generated by org.testng.reporters.JUnitXMLReporter -->
<testsuite ignored="0" hostname="DESKTOP-5KLHFHK" failures="1" tests="1" name="Test" time="16.447" errors="0" timestamp="2024-08-09T15:29:01 BST">
  <testcase classname="com.jlr.testcases.JLRHomeTest" name="verifyHomePageTest" time="10.144">
    <failure type="java.lang.AssertionError" message="expected [true] but found [false]">
      <![CDATA[java.lang.AssertionError: expected [true] but found [false]
at com.jlr.testcases.JLRHomeTest.verifyHomePageTest(JLRHomeTest.java:35)
at java.base/java.util.ArrayList.forEach(ArrayList.java:1511)
... Removed 29 stack frames]]>
    </failure>
  </testcase> <!-- verifyHomePageTest -->
</testsuite> <!-- Test -->
